#
# A fatal error has been detected by the Java Runtime Environment:
#
#  Internal Error (javaClasses.cpp:129), pid=11660, tid=11652
#  fatal error: Invalid layout of preloaded class
#
# JRE version: 7.0_09-b05
# Java VM: Java HotSpot(TM) 64-Bit Server VM (23.5-b02 mixed mode windows-amd64 compressed oops)
# Failed to write core dump. Minidumps are not enabled by default on client versions of Windows
#
# If you would like to submit a bug report, please visit:
#   http://bugreport.sun.com/bugreport/crash.jsp
#

---------------  T H R E A D  ---------------

Current thread (0x00000000022ac800):  JavaThread "Unknown thread" [_thread_in_vm, id=11652, stack(0x0000000002550000,0x0000000002650000)]

Stack: [0x0000000002550000,0x0000000002650000]

---------------  P R O C E S S  ---------------

Java Threads: ( => current thread )

Other Threads:

=>0x00000000022ac800 (exited) JavaThread "Unknown thread" [_thread_in_vm, id=11652, stack(0x0000000002550000,0x0000000002650000)]

VM state:not at safepoint (not fully initialized)

VM Mutex/Monitor currently owned by a thread: None

GC Heap History (0 events):
No events

Deoptimization events (0 events):
No events

Internal exceptions (0 events):
No events

Events (10 events):
Event: 0.009 loading class 0x000000000237ff60 done
Event: 0.009 loading class 0x0000000002342390 done
Event: 0.009 loading class 0x0000000002342360
Event: 0.009 loading class 0x00000000023d5dd0
Event: 0.009 loading class 0x00000000023d5dd0 done
Event: 0.009 loading class 0x00000000023d5e10
Event: 0.009 loading class 0x00000000023d5e10 done
Event: 0.009 loading class 0x000000000a12f8f0
Event: 0.009 loading class 0x000000000a12f8f0 done
Event: 0.009 loading class 0x0000000002342360 done


Dynamic libraries:
0x000000013f090000 - 0x000000013f0c4000 	C:\Program Files\Java\jre7\bin\javaw.exe
0x0000000077b70000 - 0x0000000077d19000 	C:\Windows\SYSTEM32\ntdll.dll
0x0000000077950000 - 0x0000000077a6f000 	C:\Windows\system32\kernel32.dll
0x000007fefd9f0000 - 0x000007fefda5b000 	C:\Windows\system32\KERNELBASE.dll
0x000007feff630000 - 0x000007feff70b000 	C:\Windows\system32\ADVAPI32.dll
0x000007fefeb70000 - 0x000007fefec0f000 	C:\Windows\system32\msvcrt.dll
0x000007fefeee0000 - 0x000007fefeeff000 	C:\Windows\SYSTEM32\sechost.dll
0x000007feff870000 - 0x000007feff99d000 	C:\Windows\system32\RPCRT4.dll
0x0000000077a70000 - 0x0000000077b6a000 	C:\Windows\system32\USER32.dll
0x000007feffb80000 - 0x000007feffbe7000 	C:\Windows\system32\GDI32.dll
0x000007fefdd60000 - 0x000007fefdd6e000 	C:\Windows\system32\LPK.dll
0x000007feff560000 - 0x000007feff629000 	C:\Windows\system32\USP10.dll
0x000007fefc270000 - 0x000007fefc464000 	C:\Windows\WinSxS\amd64_microsoft.windows.common-controls_6595b64144ccf1df_6.0.7601.17514_none_fa396087175ac9ac\COMCTL32.dll
0x000007feff4e0000 - 0x000007feff551000 	C:\Windows\system32\SHLWAPI.dll
0x000007fefef10000 - 0x000007fefef3e000 	C:\Windows\system32\IMM32.DLL
0x000007fefefa0000 - 0x000007feff0a9000 	C:\Windows\system32\MSCTF.dll
0x000007fefd8e0000 - 0x000007fefd921000 	C:\Windows\system32\nvinitx.dll
0x000000000f000000 - 0x000000000f006000 	C:\Program Files\NVIDIA Corporation\CoProcManager\_etoured.dll
0x000007fef6270000 - 0x000007fef62c6000 	C:\Program Files\NVIDIA Corporation\CoProcManager\nvd3d9wrapx.dll
0x000007feff9a0000 - 0x000007feffb77000 	C:\Windows\system32\SETUPAPI.dll
0x000007fefdd10000 - 0x000007fefdd46000 	C:\Windows\system32\CFGMGR32.dll
0x000007feff0b0000 - 0x000007feff187000 	C:\Windows\system32\OLEAUT32.dll
0x000007feffc70000 - 0x000007feffe73000 	C:\Windows\system32\ole32.dll
0x000007fefdab0000 - 0x000007fefdaca000 	C:\Windows\system32\DEVOBJ.dll
0x000007fef6230000 - 0x000007fef626d000 	C:\Program Files\NVIDIA Corporation\CoProcManager\nvdxgiwrapx.dll
0x0000000059c00000 - 0x0000000059cd1000 	C:\Program Files\Java\jre7\bin\msvcr100.dll
0x0000000053830000 - 0x0000000053f4f000 	C:\Program Files\Java\jre7\bin\server\jvm.dll
0x000007fef4210000 - 0x000007fef4219000 	C:\Windows\system32\WSOCK32.dll
0x000007fefdd70000 - 0x000007fefddbd000 	C:\Windows\system32\WS2_32.dll
0x000007fefef00000 - 0x000007fefef08000 	C:\Windows\system32\NSI.dll
0x000007fefaf30000 - 0x000007fefaf6b000 	C:\Windows\system32\WINMM.dll
0x0000000077d40000 - 0x0000000077d47000 	C:\Windows\system32\PSAPI.DLL
0x000000005c540000 - 0x000000005c54f000 	C:\Program Files\Java\jre7\bin\verify.dll
0x000000005c480000 - 0x000000005c4a8000 	C:\Program Files\Java\jre7\bin\java.dll
0x000000005c520000 - 0x000000005c535000 	C:\Program Files\Java\jre7\bin\zip.dll

VM Arguments:
jvm_args: -Dfile.encoding=Cp1252 -Xbootclasspath:C:\adt\adt-bundle-windows-x86_64-20140321\adt-bundle-windows-x86_64-20140321\sdk\platforms\android-19\android.jar 
java_command: com.example.flagpole.DB
Launcher Type: SUN_STANDARD

Environment Variables:
PATH=C:\Program Files (x86)\NVIDIA Corporation\PhysX\Common;C:\Program Files\Common Files\Microsoft Shared\Windows Live;C:\Program Files (x86)\Common Files\Microsoft Shared\Windows Live;C:\Windows\system32;C:\Windows;C:\Windows\System32\Wbem;C:\Program Files (x86)\Windows Live\Shared;C:\Program Files (x86)\HashiCorp\Vagrant\bin;C:\Program Files (x86)\Windows Kits\8.1\Windows Performance Toolkit\;C:\Program Files\Microsoft SQL Server\110\Tools\Binn\;C:\Program Files\Microsoft\Web Platform Installer\;C:\Windows\System32\WindowsPowerShell\v1.0\;C:\Windows\System32\WindowsPowerShell\v1.0\;C:\Program Files (x86)\Calibre2\;C:\Program Files (x86)\Git\cmd;C:/MinGW/bin
USERNAME=Jonathan
OS=Windows_NT
PROCESSOR_IDENTIFIER=Intel64 Family 6 Model 42 Stepping 7, GenuineIntel



---------------  S Y S T E M  ---------------

OS: Windows 7 , 64 bit Build 7601 Service Pack 1

CPU:total 4 (2 cores per cpu, 2 threads per core) family 6 model 42 stepping 7, cmov, cx8, fxsr, mmx, sse, sse2, sse3, ssse3, sse4.1, sse4.2, popcnt, avx, ht, tsc, tscinvbit

Memory: 4k page, physical 6201500k(1995564k free), swap 12401136k(5571044k free)

vm_info: Java HotSpot(TM) 64-Bit Server VM (23.5-b02) for windows-amd64 JRE (1.7.0_09-b05), built on Sep 24 2012 21:45:04 by "java_re" with unknown MS VC++:1600

time: Tue Apr 22 14:34:27 2014
elapsed time: 0 seconds

